<?xml version="1.0" encoding="UTF-8"?>
<testsuite xmlns:xsi="http://www.w3.org/2001/XMLSchema-instance" xsi:noNamespaceSchemaLocation="https://maven.apache.org/surefire/maven-surefire-plugin/xsd/surefire-test-report-3.0.xsd" version="3.0" name="TestSuite" time="48.479" tests="3" errors="0" skipped="0" failures="0">
  <properties>
[...]
</properties>
  <testcase name="LoginTest" classname="testCases.TC001_simpleLoginTest" time="5.071"/>
  <testcase name="PageTitleTest" classname="testCases.TC002_pageTitleTest" time="9.817"/>
  <testcase name="ShopPriceTest" classname="testCases.TC003_shopPriceTest" time="8.405"/>
</testsuite>