<?xml version="1.0" encoding="UTF-8"?>
<testng-results ignored="0" total="1" passed="1" failed="0" skipped="0">
  <reporter-output>
  </reporter-output>
  <suite started-at="2021-02-22T14:59:46 CET" name="Default suite" finished-at="2021-02-22T15:00:05 CET" duration-ms="18190">
    <groups>
    </groups>
    <test started-at="2021-02-22T14:59:46 CET" name="Default test" finished-at="2021-02-22T15:00:05 CET" duration-ms="18190">
      <class name="testCases.TC003_shopPriceTest">
        <test-method is-config="true" signature="LaunchBrowser()[pri:0, instance:testCases.TC003_shopPriceTest@409bf450]" started-at="2021-02-22T14:59:46 CET" name="LaunchBrowser" finished-at="2021-02-22T14:59:55 CET" duration-ms="8619" status="PASS">
          <reporter-output>
          </reporter-output>
        </test-method> <!-- LaunchBrowser -->
        <test-method signature="ShopPriceTest()[pri:0, instance:testCases.TC003_shopPriceTest@409bf450]" started-at="2021-02-22T14:59:55 CET" name="ShopPriceTest" finished-at="2021-02-22T15:00:04 CET" duration-ms="8896" status="PASS">
          <reporter-output>
          </reporter-output>
        </test-method> <!-- ShopPriceTest -->
        <test-method is-config="true" signature="CloseBrowser()[pri:0, instance:testCases.TC003_shopPriceTest@409bf450]" started-at="2021-02-22T15:00:04 CET" name="CloseBrowser" finished-at="2021-02-22T15:00:05 CET" duration-ms="650" status="PASS">
          <reporter-output>
          </reporter-output>
        </test-method> <!-- CloseBrowser -->
      </class> <!-- testCases.TC003_shopPriceTest -->
    </test> <!-- Default test -->
  </suite> <!-- Default suite -->
</testng-results>
